Start testing: Oct 25 21:38 CEST
----------------------------------------------------------
1/6 Testing: person_gtests
1/6 Test: person_gtests
Command: "/home/mayumar/Escritorio/practicaspoo/marketplace/build/tests/person_test"
Directory: /home/mayumar/Escritorio/practicaspoo/marketplace/build/tests
"person_gtests" start time: Oct 25 21:38 CEST
Output:
----------------------------------------------------------
[==========] Running 6 tests from 1 test suite.
[----------] Global test environment set-up.
[----------] 6 tests from Person
[ RUN      ] Person.ConstructorDefaultParam
[       OK ] Person.ConstructorDefaultParam (0 ms)
[ RUN      ] Person.ConstructorParam
[       OK ] Person.ConstructorParam (0 ms)
[ RUN      ] Person.Entry_year_test
[       OK ] Person.Entry_year_test (0 ms)
[ RUN      ] Person.Function_get_full_address
[       OK ] Person.Function_get_full_address (0 ms)
[ RUN      ] Person.DefaultCopyConstructor
[       OK ] Person.DefaultCopyConstructor (0 ms)
[ RUN      ] Person.DefaultEqualOperator
[       OK ] Person.DefaultEqualOperator (0 ms)
[----------] 6 tests from Person (0 ms total)

[----------] Global test environment tear-down
[==========] 6 tests from 1 test suite ran. (0 ms total)
[  PASSED  ] 6 tests.
<end of output>
Test time =   0.00 sec
----------------------------------------------------------
Test Passed.
"person_gtests" end time: Oct 25 21:38 CEST
"person_gtests" time elapsed: 00:00:00
----------------------------------------------------------

2/6 Testing: product_gtests
2/6 Test: product_gtests
Command: "/home/mayumar/Escritorio/practicaspoo/marketplace/build/tests/product_test"
Directory: /home/mayumar/Escritorio/practicaspoo/marketplace/build/tests
"product_gtests" start time: Oct 25 21:38 CEST
Output:
----------------------------------------------------------
[==========] Running 3 tests from 1 test suite.
[----------] Global test environment set-up.
[----------] 3 tests from Product
[ RUN      ] Product.ConstructorDefaultParam
[       OK ] Product.ConstructorDefaultParam (0 ms)
[ RUN      ] Product.ConstructorParam
[       OK ] Product.ConstructorParam (0 ms)
[ RUN      ] Product.ProductSetters
[       OK ] Product.ProductSetters (0 ms)
[----------] 3 tests from Product (0 ms total)

[----------] Global test environment tear-down
[==========] 3 tests from 1 test suite ran. (0 ms total)
[  PASSED  ] 3 tests.
<end of output>
Test time =   0.00 sec
----------------------------------------------------------
Test Passed.
"product_gtests" end time: Oct 25 21:38 CEST
"product_gtests" time elapsed: 00:00:00
----------------------------------------------------------

3/6 Testing: tv_gtests
3/6 Test: tv_gtests
Command: "/home/mayumar/Escritorio/practicaspoo/marketplace/build/tests/tv_test"
Directory: /home/mayumar/Escritorio/practicaspoo/marketplace/build/tests
"tv_gtests" start time: Oct 25 21:38 CEST
Output:
----------------------------------------------------------
[==========] Running 4 tests from 1 test suite.
[----------] Global test environment set-up.
[----------] 4 tests from Tv
[ RUN      ] Tv.ConstructorDefaultParam
[       OK ] Tv.ConstructorDefaultParam (0 ms)
[ RUN      ] Tv.ConstructorParam
[       OK ] Tv.ConstructorParam (0 ms)
[ RUN      ] Tv.TvSetters
[       OK ] Tv.TvSetters (0 ms)
[ RUN      ] Tv.Tv_set_inch
[       OK ] Tv.Tv_set_inch (0 ms)
[----------] 4 tests from Tv (0 ms total)

[----------] Global test environment tear-down
[==========] 4 tests from 1 test suite ran. (0 ms total)
[  PASSED  ] 4 tests.
<end of output>
Test time =   0.00 sec
----------------------------------------------------------
Test Passed.
"tv_gtests" end time: Oct 25 21:38 CEST
"tv_gtests" time elapsed: 00:00:00
----------------------------------------------------------

4/6 Testing: computer_gtests
4/6 Test: computer_gtests
Command: "/home/mayumar/Escritorio/practicaspoo/marketplace/build/tests/computer_test"
Directory: /home/mayumar/Escritorio/practicaspoo/marketplace/build/tests
"computer_gtests" start time: Oct 25 21:38 CEST
Output:
----------------------------------------------------------
[==========] Running 3 tests from 1 test suite.
[----------] Global test environment set-up.
[----------] 3 tests from Computer
[ RUN      ] Computer.ConstructorDefaultParam
[       OK ] Computer.ConstructorDefaultParam (0 ms)
[ RUN      ] Computer.ConstructorParam
[       OK ] Computer.ConstructorParam (0 ms)
[ RUN      ] Computer.ComputerSetters
[       OK ] Computer.ComputerSetters (0 ms)
[----------] 3 tests from Computer (0 ms total)

[----------] Global test environment tear-down
[==========] 3 tests from 1 test suite ran. (0 ms total)
[  PASSED  ] 3 tests.
<end of output>
Test time =   0.00 sec
----------------------------------------------------------
Test Passed.
"computer_gtests" end time: Oct 25 21:38 CEST
"computer_gtests" time elapsed: 00:00:00
----------------------------------------------------------

5/6 Testing: basket_gtests
5/6 Test: basket_gtests
Command: "/home/mayumar/Escritorio/practicaspoo/marketplace/build/tests/basket_test"
Directory: /home/mayumar/Escritorio/practicaspoo/marketplace/build/tests
"basket_gtests" start time: Oct 25 21:38 CEST
Output:
----------------------------------------------------------
[==========] Running 6 tests from 1 test suite.
[----------] Global test environment set-up.
[----------] 6 tests from Basket
[ RUN      ] Basket.ConstructorDefaultParam
[       OK ] Basket.ConstructorDefaultParam (0 ms)
[ RUN      ] Basket.Basket_set_id
[       OK ] Basket.Basket_set_id (0 ms)
[ RUN      ] Basket.Basket_add_product
[       OK ] Basket.Basket_add_product (0 ms)
[ RUN      ] Basket.Basket_delete_product1
[       OK ] Basket.Basket_delete_product1 (0 ms)
[ RUN      ] Basket.Basket_delete_product2
[       OK ] Basket.Basket_delete_product2 (0 ms)
[ RUN      ] Basket.Basket_delete_basket
[       OK ] Basket.Basket_delete_basket (0 ms)
[----------] 6 tests from Basket (0 ms total)

[----------] Global test environment tear-down
[==========] 6 tests from 1 test suite ran. (0 ms total)
[  PASSED  ] 6 tests.
<end of output>
Test time =   0.00 sec
----------------------------------------------------------
Test Passed.
"basket_gtests" end time: Oct 25 21:38 CEST
"basket_gtests" time elapsed: 00:00:00
----------------------------------------------------------

6/6 Testing: basket_gtests2
6/6 Test: basket_gtests2
Command: "/home/mayumar/Escritorio/practicaspoo/marketplace/build/tests/basket_test2"
Directory: /home/mayumar/Escritorio/practicaspoo/marketplace/build/tests
"basket_gtests2" start time: Oct 25 21:38 CEST
Output:
----------------------------------------------------------
[==========] Running 11 tests from 1 test suite.
[----------] Global test environment set-up.
[----------] 11 tests from Basket
[ RUN      ] Basket.ZeroProducts
[       OK ] Basket.ZeroProducts (0 ms)
[ RUN      ] Basket.AddProduct
[       OK ] Basket.AddProduct (0 ms)
[ RUN      ] Basket.AddMoreProducts
[       OK ] Basket.AddMoreProducts (0 ms)
[ RUN      ] Basket.DeleteProductsP
[       OK ] Basket.DeleteProductsP (0 ms)
[ RUN      ] Basket.DeleteProductsId
[       OK ] Basket.DeleteProductsId (0 ms)
[ RUN      ] Basket.DeleteProductsNoId
[       OK ] Basket.DeleteProductsNoId (0 ms)
[ RUN      ] Basket.AddAndDeleteProducts
[       OK ] Basket.AddAndDeleteProducts (0 ms)
[ RUN      ] Basket.BasketTotalZero
[       OK ] Basket.BasketTotalZero (0 ms)
[ RUN      ] Basket.BasketTotal
[       OK ] Basket.BasketTotal (0 ms)
[ RUN      ] Basket.BasketTotalDelete
[       OK ] Basket.BasketTotalDelete (0 ms)
[ RUN      ] Basket.BasketTotalDeleteQuantities
[       OK ] Basket.BasketTotalDeleteQuantities (0 ms)
[----------] 11 tests from Basket (0 ms total)

[----------] Global test environment tear-down
[==========] 11 tests from 1 test suite ran. (0 ms total)
[  PASSED  ] 11 tests.
<end of output>
Test time =   0.00 sec
----------------------------------------------------------
Test Passed.
"basket_gtests2" end time: Oct 25 21:38 CEST
"basket_gtests2" time elapsed: 00:00:00
----------------------------------------------------------

End testing: Oct 25 21:38 CEST
