Start testing: Nov 05 13:57 CET
----------------------------------------------------------
1/8 Testing: person_gtests
1/8 Test: person_gtests
Command: "/home/mayumar/Escritorio/practicaspoo/marketplace/build/tests/person_test"
Directory: /home/mayumar/Escritorio/practicaspoo/marketplace/build/tests
"person_gtests" start time: Nov 05 13:57 CET
Output:
----------------------------------------------------------
[==========] Running 6 tests from 1 test suite.
[----------] Global test environment set-up.
[----------] 6 tests from Person
[ RUN      ] Person.ConstructorDefaultParam
[       OK ] Person.ConstructorDefaultParam (0 ms)
[ RUN      ] Person.ConstructorParam
[       OK ] Person.ConstructorParam (0 ms)
[ RUN      ] Person.Entry_year_test
[       OK ] Person.Entry_year_test (0 ms)
[ RUN      ] Person.Function_get_full_address
[       OK ] Person.Function_get_full_address (0 ms)
[ RUN      ] Person.DefaultCopyConstructor
[       OK ] Person.DefaultCopyConstructor (0 ms)
[ RUN      ] Person.DefaultEqualOperator
[       OK ] Person.DefaultEqualOperator (0 ms)
[----------] 6 tests from Person (0 ms total)

[----------] Global test environment tear-down
[==========] 6 tests from 1 test suite ran. (0 ms total)
[  PASSED  ] 6 tests.
<end of output>
Test time =   0.00 sec
----------------------------------------------------------
Test Passed.
"person_gtests" end time: Nov 05 13:57 CET
"person_gtests" time elapsed: 00:00:00
----------------------------------------------------------

2/8 Testing: product_gtests
2/8 Test: product_gtests
Command: "/home/mayumar/Escritorio/practicaspoo/marketplace/build/tests/product_test"
Directory: /home/mayumar/Escritorio/practicaspoo/marketplace/build/tests
"product_gtests" start time: Nov 05 13:57 CET
Output:
----------------------------------------------------------
[==========] Running 3 tests from 1 test suite.
[----------] Global test environment set-up.
[----------] 3 tests from Product
[ RUN      ] Product.ConstructorDefaultParam
[       OK ] Product.ConstructorDefaultParam (0 ms)
[ RUN      ] Product.ConstructorParam
[       OK ] Product.ConstructorParam (0 ms)
[ RUN      ] Product.ProductSetters
[       OK ] Product.ProductSetters (0 ms)
[----------] 3 tests from Product (0 ms total)

[----------] Global test environment tear-down
[==========] 3 tests from 1 test suite ran. (0 ms total)
[  PASSED  ] 3 tests.
<end of output>
Test time =   0.00 sec
----------------------------------------------------------
Test Passed.
"product_gtests" end time: Nov 05 13:57 CET
"product_gtests" time elapsed: 00:00:00
----------------------------------------------------------

3/8 Testing: tv_gtests
3/8 Test: tv_gtests
Command: "/home/mayumar/Escritorio/practicaspoo/marketplace/build/tests/tv_test"
Directory: /home/mayumar/Escritorio/practicaspoo/marketplace/build/tests
"tv_gtests" start time: Nov 05 13:57 CET
Output:
----------------------------------------------------------
[==========] Running 4 tests from 1 test suite.
[----------] Global test environment set-up.
[----------] 4 tests from Tv
[ RUN      ] Tv.ConstructorDefaultParam
[       OK ] Tv.ConstructorDefaultParam (0 ms)
[ RUN      ] Tv.ConstructorParam
[       OK ] Tv.ConstructorParam (0 ms)
[ RUN      ] Tv.TvSetters
[       OK ] Tv.TvSetters (0 ms)
[ RUN      ] Tv.Tv_set_inch
[       OK ] Tv.Tv_set_inch (0 ms)
[----------] 4 tests from Tv (0 ms total)

[----------] Global test environment tear-down
[==========] 4 tests from 1 test suite ran. (0 ms total)
[  PASSED  ] 4 tests.
<end of output>
Test time =   0.00 sec
----------------------------------------------------------
Test Passed.
"tv_gtests" end time: Nov 05 13:57 CET
"tv_gtests" time elapsed: 00:00:00
----------------------------------------------------------

4/8 Testing: computer_gtests
4/8 Test: computer_gtests
Command: "/home/mayumar/Escritorio/practicaspoo/marketplace/build/tests/computer_test"
Directory: /home/mayumar/Escritorio/practicaspoo/marketplace/build/tests
"computer_gtests" start time: Nov 05 13:57 CET
Output:
----------------------------------------------------------
[==========] Running 3 tests from 1 test suite.
[----------] Global test environment set-up.
[----------] 3 tests from Computer
[ RUN      ] Computer.ConstructorDefaultParam
[       OK ] Computer.ConstructorDefaultParam (0 ms)
[ RUN      ] Computer.ConstructorParam
[       OK ] Computer.ConstructorParam (0 ms)
[ RUN      ] Computer.ComputerSetters
[       OK ] Computer.ComputerSetters (0 ms)
[----------] 3 tests from Computer (0 ms total)

[----------] Global test environment tear-down
[==========] 3 tests from 1 test suite ran. (0 ms total)
[  PASSED  ] 3 tests.
<end of output>
Test time =   0.00 sec
----------------------------------------------------------
Test Passed.
"computer_gtests" end time: Nov 05 13:57 CET
"computer_gtests" time elapsed: 00:00:00
----------------------------------------------------------

5/8 Testing: basket_gtests
5/8 Test: basket_gtests
Command: "/home/mayumar/Escritorio/practicaspoo/marketplace/build/tests/basket_test"
Directory: /home/mayumar/Escritorio/practicaspoo/marketplace/build/tests
"basket_gtests" start time: Nov 05 13:57 CET
Output:
----------------------------------------------------------
[==========] Running 6 tests from 1 test suite.
[----------] Global test environment set-up.
[----------] 6 tests from Basket
[ RUN      ] Basket.ConstructorDefaultParam
[       OK ] Basket.ConstructorDefaultParam (0 ms)
[ RUN      ] Basket.Basket_set_id
[       OK ] Basket.Basket_set_id (0 ms)
[ RUN      ] Basket.Basket_add_product
[       OK ] Basket.Basket_add_product (0 ms)
[ RUN      ] Basket.Basket_delete_product1
[       OK ] Basket.Basket_delete_product1 (0 ms)
[ RUN      ] Basket.Basket_delete_product2
[       OK ] Basket.Basket_delete_product2 (0 ms)
[ RUN      ] Basket.Basket_delete_basket
[       OK ] Basket.Basket_delete_basket (0 ms)
[----------] 6 tests from Basket (0 ms total)

[----------] Global test environment tear-down
[==========] 6 tests from 1 test suite ran. (0 ms total)
[  PASSED  ] 6 tests.
<end of output>
Test time =   0.01 sec
----------------------------------------------------------
Test Passed.
"basket_gtests" end time: Nov 05 13:57 CET
"basket_gtests" time elapsed: 00:00:00
----------------------------------------------------------

6/8 Testing: basket_gtests2
6/8 Test: basket_gtests2
Command: "/home/mayumar/Escritorio/practicaspoo/marketplace/build/tests/basket_test2"
Directory: /home/mayumar/Escritorio/practicaspoo/marketplace/build/tests
"basket_gtests2" start time: Nov 05 13:57 CET
Output:
----------------------------------------------------------
[==========] Running 11 tests from 1 test suite.
[----------] Global test environment set-up.
[----------] 11 tests from Basket
[ RUN      ] Basket.ZeroProducts
[       OK ] Basket.ZeroProducts (0 ms)
[ RUN      ] Basket.AddProduct
[       OK ] Basket.AddProduct (0 ms)
[ RUN      ] Basket.AddMoreProducts
[       OK ] Basket.AddMoreProducts (0 ms)
[ RUN      ] Basket.DeleteProductsP
[       OK ] Basket.DeleteProductsP (0 ms)
[ RUN      ] Basket.DeleteProductsId
[       OK ] Basket.DeleteProductsId (0 ms)
[ RUN      ] Basket.DeleteProductsNoId
[       OK ] Basket.DeleteProductsNoId (0 ms)
[ RUN      ] Basket.AddAndDeleteProducts
[       OK ] Basket.AddAndDeleteProducts (0 ms)
[ RUN      ] Basket.BasketTotalZero
[       OK ] Basket.BasketTotalZero (0 ms)
[ RUN      ] Basket.BasketTotal
[       OK ] Basket.BasketTotal (0 ms)
[ RUN      ] Basket.BasketTotalDelete
[       OK ] Basket.BasketTotalDelete (0 ms)
[ RUN      ] Basket.BasketTotalDeleteQuantities
[       OK ] Basket.BasketTotalDeleteQuantities (0 ms)
[----------] 11 tests from Basket (0 ms total)

[----------] Global test environment tear-down
[==========] 11 tests from 1 test suite ran. (0 ms total)
[  PASSED  ] 11 tests.
<end of output>
Test time =   0.00 sec
----------------------------------------------------------
Test Passed.
"basket_gtests2" end time: Nov 05 13:57 CET
"basket_gtests2" time elapsed: 00:00:00
----------------------------------------------------------

7/8 Testing: client_gtests
7/8 Test: client_gtests
Command: "/home/mayumar/Escritorio/practicaspoo/marketplace/build/tests/client_test"
Directory: /home/mayumar/Escritorio/practicaspoo/marketplace/build/tests
"client_gtests" start time: Nov 05 13:57 CET
Output:
----------------------------------------------------------
[==========] Running 8 tests from 1 test suite.
[----------] Global test environment set-up.
[----------] 8 tests from Client
[ RUN      ] Client.ConstructorDefaultParam
[       OK ] Client.ConstructorDefaultParam (0 ms)
[ RUN      ] Client.ConstructorParam
[       OK ] Client.ConstructorParam (0 ms)
[ RUN      ] Client.TestGetNameSurname
[       OK ] Client.TestGetNameSurname (0 ms)
[ RUN      ] Client.Entry_year_test
[       OK ] Client.Entry_year_test (0 ms)
[ RUN      ] Client.Function_get_full_address
[       OK ] Client.Function_get_full_address (0 ms)
[ RUN      ] Client.DefaultCopyConstructor
[       OK ] Client.DefaultCopyConstructor (0 ms)
[ RUN      ] Client.DefaultEqualOperator
[       OK ] Client.DefaultEqualOperator (0 ms)
[ RUN      ] Client.Premium
[       OK ] Client.Premium (0 ms)
[----------] 8 tests from Client (0 ms total)

[----------] Global test environment tear-down
[==========] 8 tests from 1 test suite ran. (0 ms total)
[  PASSED  ] 8 tests.
<end of output>
Test time =   0.00 sec
----------------------------------------------------------
Test Passed.
"client_gtests" end time: Nov 05 13:57 CET
"client_gtests" time elapsed: 00:00:00
----------------------------------------------------------

8/8 Testing: seller_gtests
8/8 Test: seller_gtests
Command: "/home/mayumar/Escritorio/practicaspoo/marketplace/build/tests/seller_test"
Directory: /home/mayumar/Escritorio/practicaspoo/marketplace/build/tests
"seller_gtests" start time: Nov 05 13:57 CET
Output:
----------------------------------------------------------
[==========] Running 8 tests from 1 test suite.
[----------] Global test environment set-up.
[----------] 8 tests from Seller
[ RUN      ] Seller.ConstructorDefaultParam
[       OK ] Seller.ConstructorDefaultParam (0 ms)
[ RUN      ] Seller.ConstructorParam
[       OK ] Seller.ConstructorParam (0 ms)
[ RUN      ] Seller.TestGetNameSurname
[       OK ] Seller.TestGetNameSurname (0 ms)
[ RUN      ] Seller.Entry_year_test
[       OK ] Seller.Entry_year_test (0 ms)
[ RUN      ] Seller.Function_get_full_address
[       OK ] Seller.Function_get_full_address (0 ms)
[ RUN      ] Seller.DefaultCopyConstructor
[       OK ] Seller.DefaultCopyConstructor (0 ms)
[ RUN      ] Seller.DefaultEqualOperator
[       OK ] Seller.DefaultEqualOperator (0 ms)
[ RUN      ] Seller.Sector
[       OK ] Seller.Sector (0 ms)
[----------] 8 tests from Seller (0 ms total)

[----------] Global test environment tear-down
[==========] 8 tests from 1 test suite ran. (0 ms total)
[  PASSED  ] 8 tests.
<end of output>
Test time =   0.00 sec
----------------------------------------------------------
Test Passed.
"seller_gtests" end time: Nov 05 13:57 CET
"seller_gtests" time elapsed: 00:00:00
----------------------------------------------------------

End testing: Nov 05 13:57 CET
